2019-12-10 20:25:55      Add new document book
2019-12-10 20:27:44      Add new document book02
2019-12-18 19:57:41      Add new document book
2019-12-18 20:03:32      Add new document book
2019-12-18 20:16:53      Add new document book
2019-12-18 20:22:19      Add new document book
2019-12-20 14:56:41      Add new document book
2019-12-20 14:58:25      Add new document book
2019-12-20 14:59:16      Add new document book02
2019-12-20 14:59:27      Add new document book03
2019-12-20 17:55:39      Add new document book4
2019-12-20 17:56:50      Add new document book05
2019-12-20 18:26:13      Borrow book4studentId : 4780
2019-12-20 20:02:05      delete Document book03
2019-12-20 20:02:05      Destroy all.
2019-12-20 20:03:24      Add new document book01
2019-12-20 20:03:35      Add new document book02
2019-12-20 20:03:45      Add new document book03
2019-12-20 20:03:58      Add new document book04
2019-12-20 20:04:14      Add new document book05
2019-12-20 20:04:25      delete Document book03
2019-12-20 20:08:31      Add new document book06
2019-12-20 20:08:43      delete Document book04
2020-01-05 17:53:04      Borrow book01    studentId : 4780
2020-01-05 18:53:35      Add new document doc
2020-01-05 19:00:07      Borrow doc    studentId : 4780
2020-01-05 19:00:57      Borrow book02    studentId : 4780
2020-01-05 19:00:58      Borrow doc    studentId : 4780
2020-01-05 19:08:20      Return doc    studentId : 4780
2020-01-05 19:18:38      Borrow doc02    studentId : 777
2020-01-05 19:19:14      Borrow book02    studentId : 777
2020-01-05 19:19:57      Return doc02    studentId : 777
2020-01-05 19:19:59      Return book02    studentId : 777
2020-01-05 19:20:07      Return doc02    studentId : 4780
2020-01-05 19:22:06      delete Document doc02
2020-01-05 20:00:57      Update document 1
2020-01-06 17:46:27      Add new reader 4780
2020-01-06 17:46:27      Add new reader 0
2020-01-06 17:46:27      Add new reader 1609712
2020-01-06 17:48:11      Add new reader 4780
2020-01-06 17:48:11      Add new reader 0
2020-01-06 17:48:11      Add new reader 7901168
2020-01-06 17:48:17      Add new reader 4780
2020-01-06 17:48:17      Add new reader 0
2020-01-06 17:48:17      Add new reader 8032240
2020-01-06 17:49:51      Add new reader 4780
2020-01-06 17:49:51      Add new reader 0
2020-01-06 17:49:51      Add new reader 12881904
2020-01-06 17:50:50      Add new reader 4780
2020-01-06 17:50:50      Add new reader 0
2020-01-06 17:53:31      Add new reader 1413104
2020-01-06 17:57:34      Add new reader 4780
2020-01-06 17:57:53      Add new document bookname
2020-01-06 17:58:08      Add new document nook02
2020-01-06 17:58:24      Borrow bookname    studentId : 4780
2020-01-06 19:28:17      Add new document book01
2020-01-06 19:29:05      Add new reader 4780
2020-01-06 19:29:43      Add new reader 4788
2020-01-06 19:29:51      Borrow book01    studentId : 4780
2020-01-06 19:32:33      Add new document 001
2020-01-06 19:33:08      Add new reader 4780
2020-01-06 19:33:17      Add new reader 4788
2020-01-06 19:33:58      Borrow 001    studentId : 4780
2020-01-06 19:35:15      Add new document book01
2020-01-06 19:35:21      Add new reader 4780
2020-01-06 19:35:46      Borrow book01    studentId : 4780
2020-01-06 19:47:45      Add new document 001
2020-01-06 19:48:54      Borrow book01    studentId : 4780
2020-01-06 19:51:22      Borrow book01    studentId : 4780
2020-01-06 19:54:02      Borrow book01    studentId : 4780
2020-01-06 19:55:04      Borrow book01    studentId : 4780
2020-01-06 19:55:33      Borrow book01    studentId : 4780
2020-01-06 19:55:34      Borrow 001    studentId : 4780
2020-01-06 19:55:35      Borrow book01    studentId : 4780
2020-01-06 20:00:22      Borrow book01    studentId : 4780
2020-01-06 20:04:44      Borrow book01    studentId : 4780
2020-01-06 20:12:11      Borrow book01    studentId : 4780
2020-01-06 20:13:00      Borrow book01    studentId : 4780
2020-01-06 20:13:48      Borrow book01    studentId : 4780
2020-01-06 20:25:56      Borrow book01    studentId : 4780
2020-01-06 20:37:19      Add new reader 4899
2020-01-06 20:56:05      Return book01    studentId : 4780
2020-01-08 22:30:12      Add new reader 1
2020-01-08 22:33:51      Add new reader 4780
2020-01-08 22:34:13      Add new reader 111
2020-01-08 22:35:28      Add new reader 4999
2020-01-08 22:39:52      Add new reader 1111
2020-01-08 22:40:03      Add new reader 2222
2020-01-08 22:40:23      Add new reader 3333
2020-01-08 22:41:21      Add new document book1
2020-01-08 22:41:29      Add new document book2
2020-01-08 22:41:39      Add new document book3
2020-01-08 22:41:49      Add new document book4
2020-01-08 22:42:39      Add new document boooooooooooook005
2020-01-08 22:47:46      Add new reader 4444
2020-01-08 22:48:30      Add new reader 5555
2020-01-08 23:03:55      Add new document boook0006
2020-01-08 23:11:20      Borrow book2    studentId : 3333
2020-01-08 23:11:24      Borrow book3    studentId : 3333
2020-01-08 23:11:25      Borrow boooooooooooook005    studentId : 3333
2020-01-09 11:22:05      Return book3    studentId : 3333
